<?xml version="1.0" encoding="UTF-8"?>
<testsuite xmlns:xsi="http://www.w3.org/2001/XMLSchema-instance" xsi:noNamespaceSchemaLocation="https://maven.apache.org/surefire/maven-surefire-plugin/xsd/surefire-test-report.xsd" name="com.locdoc.patient_bknd.PatientBkndApplicationTests" time="1.626" tests="1" errors="0" skipped="0" failures="0">
  <properties>
    <property name="java.specification.version" value="17"/>
    <property name="sun.jnu.encoding" value="UTF-8"/>
    <property name="java.class.path" value="/Users/siddeshgavhane/Documents/LocDoc_bknd/patient_bknd/target/test-classes:/Users/siddeshgavhane/Documents/LocDoc_bknd/patient_bknd/target/classes:/Users/siddeshgavhane/.m2/repository/org/springframework/boot/spring-boot-starter-data-jdbc/3.0.6/spring-boot-starter-data-jdbc-3.0.6.jar:/Users/siddeshgavhane/.m2/repository/org/springframework/data/spring-data-jdbc/3.0.5/spring-data-jdbc-3.0.5.jar:/Users/siddeshgavhane/.m2/repository/org/springframework/data/spring-data-relational/3.0.5/spring-data-relational-3.0.5.jar:/Users/siddeshgavhane/.m2/repository/org/springframework/data/spring-data-commons/3.0.5/spring-data-commons-3.0.5.jar:/Users/siddeshgavhane/.m2/repository/org/springframework/spring-tx/6.0.8/spring-tx-6.0.8.jar:/Users/siddeshgavhane/.m2/repository/org/springframework/spring-context/6.0.8/spring-context-6.0.8.jar:/Users/siddeshgavhane/.m2/repository/org/springframework/spring-beans/6.0.8/spring-beans-6.0.8.jar:/Users/siddeshgavhane/.m2/repository/org/springframework/boot/spring-boot-starter-data-jpa/3.0.6/spring-boot-starter-data-jpa-3.0.6.jar:/Users/siddeshgavhane/.m2/repository/org/springframework/boot/spring-boot-starter-aop/3.0.6/spring-boot-starter-aop-3.0.6.jar:/Users/siddeshgavhane/.m2/repository/org/springframework/spring-aop/6.0.8/spring-aop-6.0.8.jar:/Users/siddeshgavhane/.m2/repository/org/aspectj/aspectjweaver/1.9.19/aspectjweaver-1.9.19.jar:/Users/siddeshgavhane/.m2/repository/org/hibernate/orm/hibernate-core/6.1.7.Final/hibernate-core-6.1.7.Final.jar:/Users/siddeshgavhane/.m2/repository/jakarta/persistence/jakarta.persistence-api/3.1.0/jakarta.persistence-api-3.1.0.jar:/Users/siddeshgavhane/.m2/repository/jakarta/transaction/jakarta.transaction-api/2.0.1/jakarta.transaction-api-2.0.1.jar:/Users/siddeshgavhane/.m2/repository/org/jboss/logging/jboss-logging/3.5.0.Final/jboss-logging-3.5.0.Final.jar:/Users/siddeshgavhane/.m2/repository/org/hibernate/common/hibernate-commons-annotations/6.0.6.Final/hibernate-commons-annotations-6.0.6.Final.jar:/Users/siddeshgavhane/.m2/repository/org/jboss/jandex/2.4.2.Final/jandex-2.4.2.Final.jar:/Users/siddeshgavhane/.m2/repository/com/fasterxml/classmate/1.5.1/classmate-1.5.1.jar:/Users/siddeshgavhane/.m2/repository/net/bytebuddy/byte-buddy/1.12.23/byte-buddy-1.12.23.jar:/Users/siddeshgavhane/.m2/repository/org/glassfish/jaxb/jaxb-runtime/4.0.2/jaxb-runtime-4.0.2.jar:/Users/siddeshgavhane/.m2/repository/org/glassfish/jaxb/jaxb-core/4.0.2/jaxb-core-4.0.2.jar:/Users/siddeshgavhane/.m2/repository/org/glassfish/jaxb/txw2/4.0.2/txw2-4.0.2.jar:/Users/siddeshgavhane/.m2/repository/com/sun/istack/istack-commons-runtime/4.1.1/istack-commons-runtime-4.1.1.jar:/Users/siddeshgavhane/.m2/repository/jakarta/inject/jakarta.inject-api/2.0.0/jakarta.inject-api-2.0.0.jar:/Users/siddeshgavhane/.m2/repository/org/antlr/antlr4-runtime/4.10.1/antlr4-runtime-4.10.1.jar:/Users/siddeshgavhane/.m2/repository/org/springframework/data/spring-data-jpa/3.0.5/spring-data-jpa-3.0.5.jar:/Users/siddeshgavhane/.m2/repository/org/springframework/spring-orm/6.0.8/spring-orm-6.0.8.jar:/Users/siddeshgavhane/.m2/repository/org/springframework/spring-aspects/6.0.8/spring-aspects-6.0.8.jar:/Users/siddeshgavhane/.m2/repository/org/springframework/cloud/spring-cloud-gcp-starter/1.0.0.RELEASE/spring-cloud-gcp-starter-1.0.0.RELEASE.jar:/Users/siddeshgavhane/.m2/repository/org/springframework/cloud/spring-cloud-gcp-core/1.0.0.RELEASE/spring-cloud-gcp-core-1.0.0.RELEASE.jar:/Users/siddeshgavhane/.m2/repository/com/google/cloud/google-cloud-core/1.38.0/google-cloud-core-1.38.0.jar:/Users/siddeshgavhane/.m2/repository/com/google/guava/guava/20.0/guava-20.0.jar:/Users/siddeshgavhane/.m2/repository/joda-time/joda-time/2.9.2/joda-time-2.9.2.jar:/Users/siddeshgavhane/.m2/repository/com/google/http-client/google-http-client/1.23.0/google-http-client-1.23.0.jar:/Users/siddeshgavhane/.m2/repository/org/apache/httpcomponents/httpclient/4.5.14/httpclient-4.5.14.jar:/Users/siddeshgavhane/.m2/repository/org/apache/httpcomponents/httpcore/4.4.16/httpcore-4.4.16.jar:/Users/siddeshgavhane/.m2/repository/commons-codec/commons-codec/1.15/commons-codec-1.15.jar:/Users/siddeshgavhane/.m2/repository/com/google/code/findbugs/jsr305/3.0.2/jsr305-3.0.2.jar:/Users/siddeshgavhane/.m2/repository/com/google/api/api-common/1.6.0/api-common-1.6.0.jar:/Users/siddeshgavhane/.m2/repository/com/google/api/gax/1.29.0/gax-1.29.0.jar:/Users/siddeshgavhane/.m2/repository/org/threeten/threetenbp/1.3.3/threetenbp-1.3.3.jar:/Users/siddeshgavhane/.m2/repository/com/google/auth/google-auth-library-oauth2-http/0.9.1/google-auth-library-oauth2-http-0.9.1.jar:/Users/siddeshgavhane/.m2/repository/com/google/auth/google-auth-library-credentials/0.9.1/google-auth-library-credentials-0.9.1.jar:/Users/siddeshgavhane/.m2/repository/com/google/http-client/google-http-client-jackson2/1.19.0/google-http-client-jackson2-1.19.0.jar:/Users/siddeshgavhane/.m2/repository/com/google/protobuf/protobuf-java-util/3.6.0/protobuf-java-util-3.6.0.jar:/Users/siddeshgavhane/.m2/repository/com/google/protobuf/protobuf-java/3.6.0/protobuf-java-3.6.0.jar:/Users/siddeshgavhane/.m2/repository/com/google/code/gson/gson/2.9.1/gson-2.9.1.jar:/Users/siddeshgavhane/.m2/repository/com/google/api/grpc/proto-google-common-protos/1.12.0/proto-google-common-protos-1.12.0.jar:/Users/siddeshgavhane/.m2/repository/com/google/api/grpc/proto-google-iam-v1/0.12.0/proto-google-iam-v1-0.12.0.jar:/Users/siddeshgavhane/.m2/repository/org/springframework/cloud/spring-cloud-gcp-autoconfigure/1.0.0.RELEASE/spring-cloud-gcp-autoconfigure-1.0.0.RELEASE.jar:/Users/siddeshgavhane/.m2/repository/org/springframework/boot/spring-boot-starter/3.0.6/spring-boot-starter-3.0.6.jar:/Users/siddeshgavhane/.m2/repository/org/springframework/boot/spring-boot-starter-logging/3.0.6/spring-boot-starter-logging-3.0.6.jar:/Users/siddeshgavhane/.m2/repository/ch/qos/logback/logback-classic/1.4.7/logback-classic-1.4.7.jar:/Users/siddeshgavhane/.m2/repository/ch/qos/logback/logback-core/1.4.7/logback-core-1.4.7.jar:/Users/siddeshgavhane/.m2/repository/org/apache/logging/log4j/log4j-to-slf4j/2.19.0/log4j-to-slf4j-2.19.0.jar:/Users/siddeshgavhane/.m2/repository/org/apache/logging/log4j/log4j-api/2.19.0/log4j-api-2.19.0.jar:/Users/siddeshgavhane/.m2/repository/org/slf4j/jul-to-slf4j/2.0.7/jul-to-slf4j-2.0.7.jar:/Users/siddeshgavhane/.m2/repository/org/yaml/snakeyaml/1.33/snakeyaml-1.33.jar:/Users/siddeshgavhane/.m2/repository/org/slf4j/slf4j-api/2.0.7/slf4j-api-2.0.7.jar:/Users/siddeshgavhane/.m2/repository/org/springframework/boot/spring-boot-starter-jdbc/3.0.6/spring-boot-starter-jdbc-3.0.6.jar:/Users/siddeshgavhane/.m2/repository/com/zaxxer/HikariCP/5.0.1/HikariCP-5.0.1.jar:/Users/siddeshgavhane/.m2/repository/org/springframework/spring-jdbc/6.0.8/spring-jdbc-6.0.8.jar:/Users/siddeshgavhane/.m2/repository/org/springframework/boot/spring-boot-starter-web/3.0.6/spring-boot-starter-web-3.0.6.jar:/Users/siddeshgavhane/.m2/repository/org/springframework/boot/spring-boot-starter-json/3.0.6/spring-boot-starter-json-3.0.6.jar:/Users/siddeshgavhane/.m2/repository/com/fasterxml/jackson/core/jackson-databind/2.14.2/jackson-databind-2.14.2.jar:/Users/siddeshgavhane/.m2/repository/com/fasterxml/jackson/core/jackson-annotations/2.14.2/jackson-annotations-2.14.2.jar:/Users/siddeshgavhane/.m2/repository/com/fasterxml/jackson/core/jackson-core/2.14.2/jackson-core-2.14.2.jar:/Users/siddeshgavhane/.m2/repository/com/fasterxml/jackson/datatype/jackson-datatype-jdk8/2.14.2/jackson-datatype-jdk8-2.14.2.jar:/Users/siddeshgavhane/.m2/repository/com/fasterxml/jackson/datatype/jackson-datatype-jsr310/2.14.2/jackson-datatype-jsr310-2.14.2.jar:/Users/siddeshgavhane/.m2/repository/com/fasterxml/jackson/module/jackson-module-parameter-names/2.14.2/jackson-module-parameter-names-2.14.2.jar:/Users/siddeshgavhane/.m2/repository/org/springframework/spring-web/6.0.8/spring-web-6.0.8.jar:/Users/siddeshgavhane/.m2/repository/io/micrometer/micrometer-observation/1.10.6/micrometer-observation-1.10.6.jar:/Users/siddeshgavhane/.m2/repository/io/micrometer/micrometer-commons/1.10.6/micrometer-commons-1.10.6.jar:/Users/siddeshgavhane/.m2/repository/org/springframework/spring-webmvc/6.0.8/spring-webmvc-6.0.8.jar:/Users/siddeshgavhane/.m2/repository/org/springframework/spring-expression/6.0.8/spring-expression-6.0.8.jar:/Users/siddeshgavhane/.m2/repository/org/springframework/boot/spring-boot-starter-web-services/3.0.6/spring-boot-starter-web-services-3.0.6.jar:/Users/siddeshgavhane/.m2/repository/com/sun/xml/messaging/saaj/saaj-impl/3.0.1/saaj-impl-3.0.1.jar:/Users/siddeshgavhane/.m2/repository/jakarta/xml/soap/jakarta.xml.soap-api/3.0.0/jakarta.xml.soap-api-3.0.0.jar:/Users/siddeshgavhane/.m2/repository/org/jvnet/staxex/stax-ex/2.1.0/stax-ex-2.1.0.jar:/Users/siddeshgavhane/.m2/repository/jakarta/activation/jakarta.activation-api/2.1.1/jakarta.activation-api-2.1.1.jar:/Users/siddeshgavhane/.m2/repository/org/eclipse/angus/angus-activation/2.0.0/angus-activation-2.0.0.jar:/Users/siddeshgavhane/.m2/repository/jakarta/xml/ws/jakarta.xml.ws-api/4.0.0/jakarta.xml.ws-api-4.0.0.jar:/Users/siddeshgavhane/.m2/repository/org/springframework/spring-oxm/6.0.8/spring-oxm-6.0.8.jar:/Users/siddeshgavhane/.m2/repository/org/springframework/ws/spring-ws-core/4.0.3/spring-ws-core-4.0.3.jar:/Users/siddeshgavhane/.m2/repository/org/springframework/ws/spring-xml/4.0.3/spring-xml-4.0.3.jar:/Users/siddeshgavhane/.m2/repository/org/springframework/boot/spring-boot-starter-data-mongodb/3.0.6/spring-boot-starter-data-mongodb-3.0.6.jar:/Users/siddeshgavhane/.m2/repository/org/mongodb/mongodb-driver-sync/4.8.2/mongodb-driver-sync-4.8.2.jar:/Users/siddeshgavhane/.m2/repository/org/mongodb/bson/4.8.2/bson-4.8.2.jar:/Users/siddeshgavhane/.m2/repository/org/mongodb/mongodb-driver-core/4.8.2/mongodb-driver-core-4.8.2.jar:/Users/siddeshgavhane/.m2/repository/org/mongodb/bson-record-codec/4.8.2/bson-record-codec-4.8.2.jar:/Users/siddeshgavhane/.m2/repository/org/springframework/data/spring-data-mongodb/4.0.5/spring-data-mongodb-4.0.5.jar:/Users/siddeshgavhane/.m2/repository/org/springframework/boot/spring-boot-devtools/3.0.6/spring-boot-devtools-3.0.6.jar:/Users/siddeshgavhane/.m2/repository/org/springframework/boot/spring-boot/3.0.6/spring-boot-3.0.6.jar:/Users/siddeshgavhane/.m2/repository/org/springframework/boot/spring-boot-autoconfigure/3.0.6/spring-boot-autoconfigure-3.0.6.jar:/Users/siddeshgavhane/.m2/repository/com/mysql/mysql-connector-j/8.0.33/mysql-connector-j-8.0.33.jar:/Users/siddeshgavhane/.m2/repository/org/projectlombok/lombok/1.18.26/lombok-1.18.26.jar:/Users/siddeshgavhane/.m2/repository/org/springframework/boot/spring-boot-starter-tomcat/3.0.6/spring-boot-starter-tomcat-3.0.6.jar:/Users/siddeshgavhane/.m2/repository/jakarta/annotation/jakarta.annotation-api/2.1.1/jakarta.annotation-api-2.1.1.jar:/Users/siddeshgavhane/.m2/repository/org/apache/tomcat/embed/tomcat-embed-core/10.1.8/tomcat-embed-core-10.1.8.jar:/Users/siddeshgavhane/.m2/repository/org/apache/tomcat/embed/tomcat-embed-el/10.1.8/tomcat-embed-el-10.1.8.jar:/Users/siddeshgavhane/.m2/repository/org/apache/tomcat/embed/tomcat-embed-websocket/10.1.8/tomcat-embed-websocket-10.1.8.jar:/Users/siddeshgavhane/.m2/repository/org/springframework/boot/spring-boot-starter-test/3.0.6/spring-boot-starter-test-3.0.6.jar:/Users/siddeshgavhane/.m2/repository/org/springframework/boot/spring-boot-test/3.0.6/spring-boot-test-3.0.6.jar:/Users/siddeshgavhane/.m2/repository/org/springframework/boot/spring-boot-test-autoconfigure/3.0.6/spring-boot-test-autoconfigure-3.0.6.jar:/Users/siddeshgavhane/.m2/repository/com/jayway/jsonpath/json-path/2.7.0/json-path-2.7.0.jar:/Users/siddeshgavhane/.m2/repository/net/minidev/json-smart/2.4.10/json-smart-2.4.10.jar:/Users/siddeshgavhane/.m2/repository/net/minidev/accessors-smart/2.4.9/accessors-smart-2.4.9.jar:/Users/siddeshgavhane/.m2/repository/org/ow2/asm/asm/9.3/asm-9.3.jar:/Users/siddeshgavhane/.m2/repository/jakarta/xml/bind/jakarta.xml.bind-api/4.0.0/jakarta.xml.bind-api-4.0.0.jar:/Users/siddeshgavhane/.m2/repository/org/assertj/assertj-core/3.23.1/assertj-core-3.23.1.jar:/Users/siddeshgavhane/.m2/repository/org/hamcrest/hamcrest/2.2/hamcrest-2.2.jar:/Users/siddeshgavhane/.m2/repository/org/junit/jupiter/junit-jupiter/5.9.2/junit-jupiter-5.9.2.jar:/Users/siddeshgavhane/.m2/repository/org/junit/jupiter/junit-jupiter-api/5.9.2/junit-jupiter-api-5.9.2.jar:/Users/siddeshgavhane/.m2/repository/org/opentest4j/opentest4j/1.2.0/opentest4j-1.2.0.jar:/Users/siddeshgavhane/.m2/repository/org/junit/platform/junit-platform-commons/1.9.2/junit-platform-commons-1.9.2.jar:/Users/siddeshgavhane/.m2/repository/org/apiguardian/apiguardian-api/1.1.2/apiguardian-api-1.1.2.jar:/Users/siddeshgavhane/.m2/repository/org/junit/jupiter/junit-jupiter-params/5.9.2/junit-jupiter-params-5.9.2.jar:/Users/siddeshgavhane/.m2/repository/org/junit/jupiter/junit-jupiter-engine/5.9.2/junit-jupiter-engine-5.9.2.jar:/Users/siddeshgavhane/.m2/repository/org/junit/platform/junit-platform-engine/1.9.2/junit-platform-engine-1.9.2.jar:/Users/siddeshgavhane/.m2/repository/org/mockito/mockito-core/4.8.1/mockito-core-4.8.1.jar:/Users/siddeshgavhane/.m2/repository/net/bytebuddy/byte-buddy-agent/1.12.23/byte-buddy-agent-1.12.23.jar:/Users/siddeshgavhane/.m2/repository/org/objenesis/objenesis/3.2/objenesis-3.2.jar:/Users/siddeshgavhane/.m2/repository/org/mockito/mockito-junit-jupiter/4.8.1/mockito-junit-jupiter-4.8.1.jar:/Users/siddeshgavhane/.m2/repository/org/skyscreamer/jsonassert/1.5.1/jsonassert-1.5.1.jar:/Users/siddeshgavhane/.m2/repository/com/vaadin/external/google/android-json/0.0.20131108.vaadin1/android-json-0.0.20131108.vaadin1.jar:/Users/siddeshgavhane/.m2/repository/org/springframework/spring-core/6.0.8/spring-core-6.0.8.jar:/Users/siddeshgavhane/.m2/repository/org/springframework/spring-jcl/6.0.8/spring-jcl-6.0.8.jar:/Users/siddeshgavhane/.m2/repository/org/springframework/spring-test/6.0.8/spring-test-6.0.8.jar:/Users/siddeshgavhane/.m2/repository/org/xmlunit/xmlunit-core/2.9.1/xmlunit-core-2.9.1.jar:"/>
    <property name="java.vm.vendor" value="BellSoft"/>
    <property name="sun.arch.data.model" value="64"/>
    <property name="java.vendor.url" value="https://bell-sw.com/"/>
    <property name="os.name" value="Mac OS X"/>
    <property name="java.vm.specification.version" value="17"/>
    <property name="sun.java.launcher" value="SUN_STANDARD"/>
    <property name="user.country" value="IN"/>
    <property name="sun.boot.library.path" value="/Users/siddeshgavhane/Library/Java/JavaVirtualMachines/liberica-17.0.7/lib"/>
    <property name="sun.java.command" value="/Users/siddeshgavhane/Documents/LocDoc_bknd/patient_bknd/target/surefire/surefirebooter8525312171445882449.jar /Users/siddeshgavhane/Documents/LocDoc_bknd/patient_bknd/target/surefire 2023-06-02T08-46-02_378-jvmRun1 surefire14504895410686611127tmp surefire_016353372531057676666tmp"/>
    <property name="http.nonProxyHosts" value="local|*.local|169.254/16|*.169.254/16"/>
    <property name="jdk.debug" value="release"/>
    <property name="surefire.test.class.path" value="/Users/siddeshgavhane/Documents/LocDoc_bknd/patient_bknd/target/test-classes:/Users/siddeshgavhane/Documents/LocDoc_bknd/patient_bknd/target/classes:/Users/siddeshgavhane/.m2/repository/org/springframework/boot/spring-boot-starter-data-jdbc/3.0.6/spring-boot-starter-data-jdbc-3.0.6.jar:/Users/siddeshgavhane/.m2/repository/org/springframework/data/spring-data-jdbc/3.0.5/spring-data-jdbc-3.0.5.jar:/Users/siddeshgavhane/.m2/repository/org/springframework/data/spring-data-relational/3.0.5/spring-data-relational-3.0.5.jar:/Users/siddeshgavhane/.m2/repository/org/springframework/data/spring-data-commons/3.0.5/spring-data-commons-3.0.5.jar:/Users/siddeshgavhane/.m2/repository/org/springframework/spring-tx/6.0.8/spring-tx-6.0.8.jar:/Users/siddeshgavhane/.m2/repository/org/springframework/spring-context/6.0.8/spring-context-6.0.8.jar:/Users/siddeshgavhane/.m2/repository/org/springframework/spring-beans/6.0.8/spring-beans-6.0.8.jar:/Users/siddeshgavhane/.m2/repository/org/springframework/boot/spring-boot-starter-data-jpa/3.0.6/spring-boot-starter-data-jpa-3.0.6.jar:/Users/siddeshgavhane/.m2/repository/org/springframework/boot/spring-boot-starter-aop/3.0.6/spring-boot-starter-aop-3.0.6.jar:/Users/siddeshgavhane/.m2/repository/org/springframework/spring-aop/6.0.8/spring-aop-6.0.8.jar:/Users/siddeshgavhane/.m2/repository/org/aspectj/aspectjweaver/1.9.19/aspectjweaver-1.9.19.jar:/Users/siddeshgavhane/.m2/repository/org/hibernate/orm/hibernate-core/6.1.7.Final/hibernate-core-6.1.7.Final.jar:/Users/siddeshgavhane/.m2/repository/jakarta/persistence/jakarta.persistence-api/3.1.0/jakarta.persistence-api-3.1.0.jar:/Users/siddeshgavhane/.m2/repository/jakarta/transaction/jakarta.transaction-api/2.0.1/jakarta.transaction-api-2.0.1.jar:/Users/siddeshgavhane/.m2/repository/org/jboss/logging/jboss-logging/3.5.0.Final/jboss-logging-3.5.0.Final.jar:/Users/siddeshgavhane/.m2/repository/org/hibernate/common/hibernate-commons-annotations/6.0.6.Final/hibernate-commons-annotations-6.0.6.Final.jar:/Users/siddeshgavhane/.m2/repository/org/jboss/jandex/2.4.2.Final/jandex-2.4.2.Final.jar:/Users/siddeshgavhane/.m2/repository/com/fasterxml/classmate/1.5.1/classmate-1.5.1.jar:/Users/siddeshgavhane/.m2/repository/net/bytebuddy/byte-buddy/1.12.23/byte-buddy-1.12.23.jar:/Users/siddeshgavhane/.m2/repository/org/glassfish/jaxb/jaxb-runtime/4.0.2/jaxb-runtime-4.0.2.jar:/Users/siddeshgavhane/.m2/repository/org/glassfish/jaxb/jaxb-core/4.0.2/jaxb-core-4.0.2.jar:/Users/siddeshgavhane/.m2/repository/org/glassfish/jaxb/txw2/4.0.2/txw2-4.0.2.jar:/Users/siddeshgavhane/.m2/repository/com/sun/istack/istack-commons-runtime/4.1.1/istack-commons-runtime-4.1.1.jar:/Users/siddeshgavhane/.m2/repository/jakarta/inject/jakarta.inject-api/2.0.0/jakarta.inject-api-2.0.0.jar:/Users/siddeshgavhane/.m2/repository/org/antlr/antlr4-runtime/4.10.1/antlr4-runtime-4.10.1.jar:/Users/siddeshgavhane/.m2/repository/org/springframework/data/spring-data-jpa/3.0.5/spring-data-jpa-3.0.5.jar:/Users/siddeshgavhane/.m2/repository/org/springframework/spring-orm/6.0.8/spring-orm-6.0.8.jar:/Users/siddeshgavhane/.m2/repository/org/springframework/spring-aspects/6.0.8/spring-aspects-6.0.8.jar:/Users/siddeshgavhane/.m2/repository/org/springframework/cloud/spring-cloud-gcp-starter/1.0.0.RELEASE/spring-cloud-gcp-starter-1.0.0.RELEASE.jar:/Users/siddeshgavhane/.m2/repository/org/springframework/cloud/spring-cloud-gcp-core/1.0.0.RELEASE/spring-cloud-gcp-core-1.0.0.RELEASE.jar:/Users/siddeshgavhane/.m2/repository/com/google/cloud/google-cloud-core/1.38.0/google-cloud-core-1.38.0.jar:/Users/siddeshgavhane/.m2/repository/com/google/guava/guava/20.0/guava-20.0.jar:/Users/siddeshgavhane/.m2/repository/joda-time/joda-time/2.9.2/joda-time-2.9.2.jar:/Users/siddeshgavhane/.m2/repository/com/google/http-client/google-http-client/1.23.0/google-http-client-1.23.0.jar:/Users/siddeshgavhane/.m2/repository/org/apache/httpcomponents/httpclient/4.5.14/httpclient-4.5.14.jar:/Users/siddeshgavhane/.m2/repository/org/apache/httpcomponents/httpcore/4.4.16/httpcore-4.4.16.jar:/Users/siddeshgavhane/.m2/repository/commons-codec/commons-codec/1.15/commons-codec-1.15.jar:/Users/siddeshgavhane/.m2/repository/com/google/code/findbugs/jsr305/3.0.2/jsr305-3.0.2.jar:/Users/siddeshgavhane/.m2/repository/com/google/api/api-common/1.6.0/api-common-1.6.0.jar:/Users/siddeshgavhane/.m2/repository/com/google/api/gax/1.29.0/gax-1.29.0.jar:/Users/siddeshgavhane/.m2/repository/org/threeten/threetenbp/1.3.3/threetenbp-1.3.3.jar:/Users/siddeshgavhane/.m2/repository/com/google/auth/google-auth-library-oauth2-http/0.9.1/google-auth-library-oauth2-http-0.9.1.jar:/Users/siddeshgavhane/.m2/repository/com/google/auth/google-auth-library-credentials/0.9.1/google-auth-library-credentials-0.9.1.jar:/Users/siddeshgavhane/.m2/repository/com/google/http-client/google-http-client-jackson2/1.19.0/google-http-client-jackson2-1.19.0.jar:/Users/siddeshgavhane/.m2/repository/com/google/protobuf/protobuf-java-util/3.6.0/protobuf-java-util-3.6.0.jar:/Users/siddeshgavhane/.m2/repository/com/google/protobuf/protobuf-java/3.6.0/protobuf-java-3.6.0.jar:/Users/siddeshgavhane/.m2/repository/com/google/code/gson/gson/2.9.1/gson-2.9.1.jar:/Users/siddeshgavhane/.m2/repository/com/google/api/grpc/proto-google-common-protos/1.12.0/proto-google-common-protos-1.12.0.jar:/Users/siddeshgavhane/.m2/repository/com/google/api/grpc/proto-google-iam-v1/0.12.0/proto-google-iam-v1-0.12.0.jar:/Users/siddeshgavhane/.m2/repository/org/springframework/cloud/spring-cloud-gcp-autoconfigure/1.0.0.RELEASE/spring-cloud-gcp-autoconfigure-1.0.0.RELEASE.jar:/Users/siddeshgavhane/.m2/repository/org/springframework/boot/spring-boot-starter/3.0.6/spring-boot-starter-3.0.6.jar:/Users/siddeshgavhane/.m2/repository/org/springframework/boot/spring-boot-starter-logging/3.0.6/spring-boot-starter-logging-3.0.6.jar:/Users/siddeshgavhane/.m2/repository/ch/qos/logback/logback-classic/1.4.7/logback-classic-1.4.7.jar:/Users/siddeshgavhane/.m2/repository/ch/qos/logback/logback-core/1.4.7/logback-core-1.4.7.jar:/Users/siddeshgavhane/.m2/repository/org/apache/logging/log4j/log4j-to-slf4j/2.19.0/log4j-to-slf4j-2.19.0.jar:/Users/siddeshgavhane/.m2/repository/org/apache/logging/log4j/log4j-api/2.19.0/log4j-api-2.19.0.jar:/Users/siddeshgavhane/.m2/repository/org/slf4j/jul-to-slf4j/2.0.7/jul-to-slf4j-2.0.7.jar:/Users/siddeshgavhane/.m2/repository/org/yaml/snakeyaml/1.33/snakeyaml-1.33.jar:/Users/siddeshgavhane/.m2/repository/org/slf4j/slf4j-api/2.0.7/slf4j-api-2.0.7.jar:/Users/siddeshgavhane/.m2/repository/org/springframework/boot/spring-boot-starter-jdbc/3.0.6/spring-boot-starter-jdbc-3.0.6.jar:/Users/siddeshgavhane/.m2/repository/com/zaxxer/HikariCP/5.0.1/HikariCP-5.0.1.jar:/Users/siddeshgavhane/.m2/repository/org/springframework/spring-jdbc/6.0.8/spring-jdbc-6.0.8.jar:/Users/siddeshgavhane/.m2/repository/org/springframework/boot/spring-boot-starter-web/3.0.6/spring-boot-starter-web-3.0.6.jar:/Users/siddeshgavhane/.m2/repository/org/springframework/boot/spring-boot-starter-json/3.0.6/spring-boot-starter-json-3.0.6.jar:/Users/siddeshgavhane/.m2/repository/com/fasterxml/jackson/core/jackson-databind/2.14.2/jackson-databind-2.14.2.jar:/Users/siddeshgavhane/.m2/repository/com/fasterxml/jackson/core/jackson-annotations/2.14.2/jackson-annotations-2.14.2.jar:/Users/siddeshgavhane/.m2/repository/com/fasterxml/jackson/core/jackson-core/2.14.2/jackson-core-2.14.2.jar:/Users/siddeshgavhane/.m2/repository/com/fasterxml/jackson/datatype/jackson-datatype-jdk8/2.14.2/jackson-datatype-jdk8-2.14.2.jar:/Users/siddeshgavhane/.m2/repository/com/fasterxml/jackson/datatype/jackson-datatype-jsr310/2.14.2/jackson-datatype-jsr310-2.14.2.jar:/Users/siddeshgavhane/.m2/repository/com/fasterxml/jackson/module/jackson-module-parameter-names/2.14.2/jackson-module-parameter-names-2.14.2.jar:/Users/siddeshgavhane/.m2/repository/org/springframework/spring-web/6.0.8/spring-web-6.0.8.jar:/Users/siddeshgavhane/.m2/repository/io/micrometer/micrometer-observation/1.10.6/micrometer-observation-1.10.6.jar:/Users/siddeshgavhane/.m2/repository/io/micrometer/micrometer-commons/1.10.6/micrometer-commons-1.10.6.jar:/Users/siddeshgavhane/.m2/repository/org/springframework/spring-webmvc/6.0.8/spring-webmvc-6.0.8.jar:/Users/siddeshgavhane/.m2/repository/org/springframework/spring-expression/6.0.8/spring-expression-6.0.8.jar:/Users/siddeshgavhane/.m2/repository/org/springframework/boot/spring-boot-starter-web-services/3.0.6/spring-boot-starter-web-services-3.0.6.jar:/Users/siddeshgavhane/.m2/repository/com/sun/xml/messaging/saaj/saaj-impl/3.0.1/saaj-impl-3.0.1.jar:/Users/siddeshgavhane/.m2/repository/jakarta/xml/soap/jakarta.xml.soap-api/3.0.0/jakarta.xml.soap-api-3.0.0.jar:/Users/siddeshgavhane/.m2/repository/org/jvnet/staxex/stax-ex/2.1.0/stax-ex-2.1.0.jar:/Users/siddeshgavhane/.m2/repository/jakarta/activation/jakarta.activation-api/2.1.1/jakarta.activation-api-2.1.1.jar:/Users/siddeshgavhane/.m2/repository/org/eclipse/angus/angus-activation/2.0.0/angus-activation-2.0.0.jar:/Users/siddeshgavhane/.m2/repository/jakarta/xml/ws/jakarta.xml.ws-api/4.0.0/jakarta.xml.ws-api-4.0.0.jar:/Users/siddeshgavhane/.m2/repository/org/springframework/spring-oxm/6.0.8/spring-oxm-6.0.8.jar:/Users/siddeshgavhane/.m2/repository/org/springframework/ws/spring-ws-core/4.0.3/spring-ws-core-4.0.3.jar:/Users/siddeshgavhane/.m2/repository/org/springframework/ws/spring-xml/4.0.3/spring-xml-4.0.3.jar:/Users/siddeshgavhane/.m2/repository/org/springframework/boot/spring-boot-starter-data-mongodb/3.0.6/spring-boot-starter-data-mongodb-3.0.6.jar:/Users/siddeshgavhane/.m2/repository/org/mongodb/mongodb-driver-sync/4.8.2/mongodb-driver-sync-4.8.2.jar:/Users/siddeshgavhane/.m2/repository/org/mongodb/bson/4.8.2/bson-4.8.2.jar:/Users/siddeshgavhane/.m2/repository/org/mongodb/mongodb-driver-core/4.8.2/mongodb-driver-core-4.8.2.jar:/Users/siddeshgavhane/.m2/repository/org/mongodb/bson-record-codec/4.8.2/bson-record-codec-4.8.2.jar:/Users/siddeshgavhane/.m2/repository/org/springframework/data/spring-data-mongodb/4.0.5/spring-data-mongodb-4.0.5.jar:/Users/siddeshgavhane/.m2/repository/org/springframework/boot/spring-boot-devtools/3.0.6/spring-boot-devtools-3.0.6.jar:/Users/siddeshgavhane/.m2/repository/org/springframework/boot/spring-boot/3.0.6/spring-boot-3.0.6.jar:/Users/siddeshgavhane/.m2/repository/org/springframework/boot/spring-boot-autoconfigure/3.0.6/spring-boot-autoconfigure-3.0.6.jar:/Users/siddeshgavhane/.m2/repository/com/mysql/mysql-connector-j/8.0.33/mysql-connector-j-8.0.33.jar:/Users/siddeshgavhane/.m2/repository/org/projectlombok/lombok/1.18.26/lombok-1.18.26.jar:/Users/siddeshgavhane/.m2/repository/org/springframework/boot/spring-boot-starter-tomcat/3.0.6/spring-boot-starter-tomcat-3.0.6.jar:/Users/siddeshgavhane/.m2/repository/jakarta/annotation/jakarta.annotation-api/2.1.1/jakarta.annotation-api-2.1.1.jar:/Users/siddeshgavhane/.m2/repository/org/apache/tomcat/embed/tomcat-embed-core/10.1.8/tomcat-embed-core-10.1.8.jar:/Users/siddeshgavhane/.m2/repository/org/apache/tomcat/embed/tomcat-embed-el/10.1.8/tomcat-embed-el-10.1.8.jar:/Users/siddeshgavhane/.m2/repository/org/apache/tomcat/embed/tomcat-embed-websocket/10.1.8/tomcat-embed-websocket-10.1.8.jar:/Users/siddeshgavhane/.m2/repository/org/springframework/boot/spring-boot-starter-test/3.0.6/spring-boot-starter-test-3.0.6.jar:/Users/siddeshgavhane/.m2/repository/org/springframework/boot/spring-boot-test/3.0.6/spring-boot-test-3.0.6.jar:/Users/siddeshgavhane/.m2/repository/org/springframework/boot/spring-boot-test-autoconfigure/3.0.6/spring-boot-test-autoconfigure-3.0.6.jar:/Users/siddeshgavhane/.m2/repository/com/jayway/jsonpath/json-path/2.7.0/json-path-2.7.0.jar:/Users/siddeshgavhane/.m2/repository/net/minidev/json-smart/2.4.10/json-smart-2.4.10.jar:/Users/siddeshgavhane/.m2/repository/net/minidev/accessors-smart/2.4.9/accessors-smart-2.4.9.jar:/Users/siddeshgavhane/.m2/repository/org/ow2/asm/asm/9.3/asm-9.3.jar:/Users/siddeshgavhane/.m2/repository/jakarta/xml/bind/jakarta.xml.bind-api/4.0.0/jakarta.xml.bind-api-4.0.0.jar:/Users/siddeshgavhane/.m2/repository/org/assertj/assertj-core/3.23.1/assertj-core-3.23.1.jar:/Users/siddeshgavhane/.m2/repository/org/hamcrest/hamcrest/2.2/hamcrest-2.2.jar:/Users/siddeshgavhane/.m2/repository/org/junit/jupiter/junit-jupiter/5.9.2/junit-jupiter-5.9.2.jar:/Users/siddeshgavhane/.m2/repository/org/junit/jupiter/junit-jupiter-api/5.9.2/junit-jupiter-api-5.9.2.jar:/Users/siddeshgavhane/.m2/repository/org/opentest4j/opentest4j/1.2.0/opentest4j-1.2.0.jar:/Users/siddeshgavhane/.m2/repository/org/junit/platform/junit-platform-commons/1.9.2/junit-platform-commons-1.9.2.jar:/Users/siddeshgavhane/.m2/repository/org/apiguardian/apiguardian-api/1.1.2/apiguardian-api-1.1.2.jar:/Users/siddeshgavhane/.m2/repository/org/junit/jupiter/junit-jupiter-params/5.9.2/junit-jupiter-params-5.9.2.jar:/Users/siddeshgavhane/.m2/repository/org/junit/jupiter/junit-jupiter-engine/5.9.2/junit-jupiter-engine-5.9.2.jar:/Users/siddeshgavhane/.m2/repository/org/junit/platform/junit-platform-engine/1.9.2/junit-platform-engine-1.9.2.jar:/Users/siddeshgavhane/.m2/repository/org/mockito/mockito-core/4.8.1/mockito-core-4.8.1.jar:/Users/siddeshgavhane/.m2/repository/net/bytebuddy/byte-buddy-agent/1.12.23/byte-buddy-agent-1.12.23.jar:/Users/siddeshgavhane/.m2/repository/org/objenesis/objenesis/3.2/objenesis-3.2.jar:/Users/siddeshgavhane/.m2/repository/org/mockito/mockito-junit-jupiter/4.8.1/mockito-junit-jupiter-4.8.1.jar:/Users/siddeshgavhane/.m2/repository/org/skyscreamer/jsonassert/1.5.1/jsonassert-1.5.1.jar:/Users/siddeshgavhane/.m2/repository/com/vaadin/external/google/android-json/0.0.20131108.vaadin1/android-json-0.0.20131108.vaadin1.jar:/Users/siddeshgavhane/.m2/repository/org/springframework/spring-core/6.0.8/spring-core-6.0.8.jar:/Users/siddeshgavhane/.m2/repository/org/springframework/spring-jcl/6.0.8/spring-jcl-6.0.8.jar:/Users/siddeshgavhane/.m2/repository/org/springframework/spring-test/6.0.8/spring-test-6.0.8.jar:/Users/siddeshgavhane/.m2/repository/org/xmlunit/xmlunit-core/2.9.1/xmlunit-core-2.9.1.jar:"/>
    <property name="sun.cpu.endian" value="little"/>
    <property name="user.home" value="/Users/siddeshgavhane"/>
    <property name="user.language" value="en"/>
    <property name="java.specification.vendor" value="Oracle Corporation"/>
    <property name="java.version.date" value="2023-04-18"/>
    <property name="java.home" value="/Users/siddeshgavhane/Library/Java/JavaVirtualMachines/liberica-17.0.7"/>
    <property name="file.separator" value="/"/>
    <property name="basedir" value="/Users/siddeshgavhane/Documents/LocDoc_bknd/patient_bknd"/>
    <property name="java.vm.compressedOopsMode" value="Zero based"/>
    <property name="line.separator" value="&#10;"/>
    <property name="java.specification.name" value="Java Platform API Specification"/>
    <property name="java.vm.specification.vendor" value="Oracle Corporation"/>
    <property name="surefire.real.class.path" value="/Users/siddeshgavhane/Documents/LocDoc_bknd/patient_bknd/target/surefire/surefirebooter8525312171445882449.jar"/>
    <property name="sun.management.compiler" value="HotSpot 64-Bit Tiered Compilers"/>
    <property name="ftp.nonProxyHosts" value="local|*.local|169.254/16|*.169.254/16"/>
    <property name="java.runtime.version" value="17.0.7+7-LTS"/>
    <property name="user.name" value="siddeshgavhane"/>
    <property name="path.separator" value=":"/>
    <property name="os.version" value="13.3.1"/>
    <property name="java.runtime.name" value="OpenJDK Runtime Environment"/>
    <property name="file.encoding" value="US-ASCII"/>
    <property name="java.vm.name" value="OpenJDK 64-Bit Server VM"/>
    <property name="localRepository" value="/Users/siddeshgavhane/.m2/repository"/>
    <property name="java.vendor.url.bug" value="https://bell-sw.com/support"/>
    <property name="java.io.tmpdir" value="/var/folders/gz/0cmh_0x91j16ztcbh8p3153m0000gn/T/"/>
    <property name="idea.version" value="2021.3.3"/>
    <property name="java.version" value="17.0.7"/>
    <property name="user.dir" value="/Users/siddeshgavhane/Documents/LocDoc_bknd/patient_bknd"/>
    <property name="os.arch" value="aarch64"/>
    <property name="java.vm.specification.name" value="Java Virtual Machine Specification"/>
    <property name="native.encoding" value="US-ASCII"/>
    <property name="java.library.path" value="/Users/siddeshgavhane/Library/Java/Extensions:/Library/Java/Extensions:/Network/Library/Java/Extensions:/System/Library/Java/Extensions:/usr/lib/java:."/>
    <property name="java.vm.info" value="mixed mode, sharing"/>
    <property name="java.vendor" value="BellSoft"/>
    <property name="java.vm.version" value="17.0.7+7-LTS"/>
    <property name="sun.io.unicode.encoding" value="UnicodeBig"/>
    <property name="socksNonProxyHosts" value="local|*.local|169.254/16|*.169.254/16"/>
    <property name="java.class.version" value="61.0"/>
  </properties>
  <testcase name="contextLoads" classname="com.locdoc.patient_bknd.PatientBkndApplicationTests" time="0.2"/>
</testsuite>